INFO 2024-12-04 01:24:29,404 user Token requested by user: Unknown
INFO 2024-12-04 01:24:30,192 user Token successfully generated for user: Unknown
INFO 2024-12-04 01:28:44,283 user Token requested by user: akzhol@akzhol.kz
INFO 2024-12-04 01:28:45,082 user Token successfully generated for user: akzhol@akzhol.kz
INFO 2024-12-04 01:31:00,638 user New user registration attempt: hello5@hello.kz
INFO 2024-12-04 01:31:01,408 user User registered successfully: hello5@hello.kz
INFO 2024-12-04 01:33:53,919 user New user registration attempt: ernur@hni.com
INFO 2024-12-04 01:33:54,745 user User registered successfully: ernur@hni.com
INFO 2024-12-04 01:35:18,735 user New user registration attempt: helll@k.kz
INFO 2024-12-04 01:35:19,455 user User registered successfully: helll@k.kz
INFO 2024-12-04 01:37:25,623 user Token requested by user: helll@k.kz
INFO 2024-12-04 01:37:26,469 user Token successfully generated for user: helll@k.kz
INFO 2024-12-04 01:38:36,484 user Token requested by user: Aisha@kbtu.kz
INFO 2024-12-04 01:40:39,780 user New user registration attempt: aisha@kbtu.kz
INFO 2024-12-04 01:40:40,452 user User registered successfully: aisha@kbtu.kz
INFO 2024-12-04 01:41:16,865 user New user registration attempt: aisha1@kbtu.kz
INFO 2024-12-04 01:41:17,546 user User registered successfully: aisha1@kbtu.kz
INFO 2024-12-04 01:42:17,869 user Token requested by user: aisha1@kbtu.kz
INFO 2024-12-04 01:42:18,713 user Token successfully generated for user: aisha1@kbtu.kz
INFO 2024-12-04 06:40:04,090 user Token requested by user: akzhol@akzhol.kz
INFO 2024-12-04 06:40:05,638 user Token successfully generated for user: akzhol@akzhol.kz
INFO 2024-12-04 06:45:45,417 user Token requested by user: akzhol@akzhol.kz
INFO 2024-12-04 06:45:46,163 user Token successfully generated for user: akzhol@akzhol.kz
INFO 2024-12-04 06:51:40,744 user Token requested by user: akzhol@akzhol.kz
INFO 2024-12-04 06:51:41,503 user Token successfully generated for user: akzhol@akzhol.kz
INFO 2024-12-04 07:01:19,788 user Token requested by user: akzhol@akzhol.kz
INFO 2024-12-04 07:01:20,431 user Token successfully generated for user: akzhol@akzhol.kz
INFO 2024-12-04 07:01:43,242 user Token requested by user: akzhol@akzhol.kz
INFO 2024-12-04 07:01:43,858 user Token successfully generated for user: akzhol@akzhol.kz
INFO 2024-12-04 07:05:35,488 user Token requested by user: akzhol@akzhol.kz
INFO 2024-12-04 07:05:36,250 user Token successfully generated for user: akzhol@akzhol.kz
INFO 2024-12-04 07:07:11,707 user Token requested by user: akzhol@akzhol.kz
INFO 2024-12-04 07:07:12,347 user Token successfully generated for user: akzhol@akzhol.kz
INFO 2024-12-04 07:12:58,478 user Token requested by user: akzhol@akzhol.kz
INFO 2024-12-04 07:12:59,148 user Token successfully generated for user: akzhol@akzhol.kz
INFO 2024-12-04 07:14:35,607 user Token requested by user: akzhol@akzhol.kz
INFO 2024-12-04 07:14:36,348 user Token successfully generated for user: akzhol@akzhol.kz
INFO 2024-12-04 07:18:51,085 user Token requested by user: akzhol@akzhol.kz
INFO 2024-12-04 07:18:51,746 user Token successfully generated for user: akzhol@akzhol.kz
INFO 2024-12-04 07:20:29,057 user Token requested by user: akzhol@akzhol.kz
INFO 2024-12-04 07:20:29,810 user Token successfully generated for user: akzhol@akzhol.kz
INFO 2024-12-04 07:25:02,592 user Token requested by user: akzhol@akzhol.kz
INFO 2024-12-04 07:25:02,610 user Token requested by user: akzhol@akzhol.kz
INFO 2024-12-04 07:25:03,330 user Token successfully generated for user: akzhol@akzhol.kz
INFO 2024-12-04 07:25:03,364 user Token successfully generated for user: akzhol@akzhol.kz
INFO 2024-12-04 07:32:11,594 user Token requested by user: akzhol@akzhol.kz
INFO 2024-12-04 07:32:12,143 user Token successfully generated for user: akzhol@akzhol.kz
INFO 2024-12-04 07:41:54,684 user Token requested by user: akzhol@akzhol.kz
INFO 2024-12-04 07:41:55,225 user Token successfully generated for user: akzhol@akzhol.kz
INFO 2024-12-04 07:48:48,050 user Token requested by user: akzhol@akzhol.kz
INFO 2024-12-04 07:48:48,537 user Token successfully generated for user: akzhol@akzhol.kz
INFO 2024-12-04 07:51:01,720 user Token requested by user: akzhol@akzhol.kz
INFO 2024-12-04 07:51:02,307 user Token successfully generated for user: akzhol@akzhol.kz
INFO 2024-12-04 07:54:38,649 user Token requested by user: akzhol@akzhol.kz
INFO 2024-12-04 07:54:39,154 user Token successfully generated for user: akzhol@akzhol.kz
INFO 2024-12-04 08:00:35,231 user Token requested by user: akzhol@akzhol.kz
INFO 2024-12-04 08:00:35,703 user Token successfully generated for user: akzhol@akzhol.kz
